  TextBox.cpp
C:\Users\User\source\repos\PasswordManager\PasswordManager\UiDesign\TextBox.cpp(10,15): warning C4244: инициализация: преобразование "double" в "int", возможна потеря данных
C:\Users\User\source\repos\PasswordManager\PasswordManager\UiDesign\TextBox.cpp(13,19): warning C4244: инициализация: преобразование "double" в "int", возможна потеря данных
C:\Users\User\source\repos\PasswordManager\PasswordManager\UiDesign\TextBox.cpp(34,15): warning C4244: инициализация: преобразование "double" в "float", возможна потеря данных
C:\Users\User\source\repos\PasswordManager\PasswordManager\UiDesign\TextBox.cpp(38,15): warning C4244: инициализация: преобразование "double" в "float", возможна потеря данных
C:\Users\User\source\repos\PasswordManager\PasswordManager\UiDesign\TextBox.cpp(45,17): warning C4244: инициализация: преобразование "__int64" в "int", возможна потеря данных
C:\Users\User\source\repos\PasswordManager\PasswordManager\UiDesign\TextBox.cpp(52,34): warning C4244: аргумент: преобразование "double" в "float", возможна потеря данных
C:\Users\User\source\repos\PasswordManager\PasswordManager\UiDesign\TextBox.cpp(51,33): warning C4244: аргумент: преобразование "double" в "float", возможна потеря данных
C:\Users\User\source\repos\PasswordManager\PasswordManager\UiDesign\TextBox.cpp(56,35): warning C4244: аргумент: преобразование "double" в "float", возможна потеря данных
C:\Users\User\source\repos\PasswordManager\PasswordManager\UiDesign\TextBox.cpp(55,51): warning C4244: аргумент: преобразование "double" в "float", возможна потеря данных
  main.cpp
C:\Users\User\source\repos\PasswordManager\PasswordManager\Utility\Literals.h(5,15): warning C4455: "operator ""vh": идентификаторы литеральных суффиксов, которые начинаются не с символа подчеркивания, зарезервированы
  (компиляция исходного файла "main.cpp")
  
C:\Users\User\source\repos\PasswordManager\PasswordManager\Utility\Literals.h(6,15): warning C4455: "operator ""vw": идентификаторы литеральных суффиксов, которые начинаются не с символа подчеркивания, зарезервированы
  (компиляция исходного файла "main.cpp")
  
C:\Users\User\source\repos\PasswordManager\PasswordManager\Utility\Literals.h(7,15): warning C4455: "operator ""vh": идентификаторы литеральных суффиксов, которые начинаются не с символа подчеркивания, зарезервированы
  (компиляция исходного файла "main.cpp")
  
C:\Users\User\source\repos\PasswordManager\PasswordManager\Utility\Literals.h(8,15): warning C4455: "operator ""vw": идентификаторы литеральных суффиксов, которые начинаются не с символа подчеркивания, зарезервированы
  (компиляция исходного файла "main.cpp")
  
C:\Users\User\source\repos\PasswordManager\PasswordManager\Utility\Literals.h(9,15): warning C4455: "operator ""p": идентификаторы литеральных суффиксов, которые начинаются не с символа подчеркивания, зарезервированы
  (компиляция исходного файла "main.cpp")
  
C:\Users\User\source\repos\PasswordManager\PasswordManager\Utility\Literals.h(10,15): warning C4455: "operator ""px": идентификаторы литеральных суффиксов, которые начинаются не с символа подчеркивания, зарезервированы
  (компиляция исходного файла "main.cpp")
  
C:\Users\User\source\repos\PasswordManager\PasswordManager\Utility\Literals.h(11,15): warning C4455: "operator ""px": идентификаторы литеральных суффиксов, которые начинаются не с символа подчеркивания, зарезервированы
  (компиляция исходного файла "main.cpp")
  
C:\Users\User\source\repos\PasswordManager\PasswordManager\main.cpp(4,42): warning C4244: аргумент: преобразование "float" в "T", возможна потеря данных
C:\Users\User\source\repos\PasswordManager\PasswordManager\main.cpp(4,42): warning C4244:         with
C:\Users\User\source\repos\PasswordManager\PasswordManager\main.cpp(4,42): warning C4244:         [
C:\Users\User\source\repos\PasswordManager\PasswordManager\main.cpp(4,42): warning C4244:             T=unsigned int
C:\Users\User\source\repos\PasswordManager\PasswordManager\main.cpp(4,42): warning C4244:         ]
C:\Users\User\source\repos\PasswordManager\PasswordManager\main.cpp(5,128): warning C4244: аргумент: преобразование "double" в "T", возможна потеря данных
C:\Users\User\source\repos\PasswordManager\PasswordManager\main.cpp(5,128): warning C4244:         with
C:\Users\User\source\repos\PasswordManager\PasswordManager\main.cpp(5,128): warning C4244:         [
C:\Users\User\source\repos\PasswordManager\PasswordManager\main.cpp(5,128): warning C4244:             T=unsigned int
C:\Users\User\source\repos\PasswordManager\PasswordManager\main.cpp(5,128): warning C4244:         ]
C:\Users\User\source\repos\PasswordManager\PasswordManager\main.cpp(5,67): warning C4244: аргумент: преобразование "double" в "T", возможна потеря данных
C:\Users\User\source\repos\PasswordManager\PasswordManager\main.cpp(5,67): warning C4244:         with
C:\Users\User\source\repos\PasswordManager\PasswordManager\main.cpp(5,67): warning C4244:         [
C:\Users\User\source\repos\PasswordManager\PasswordManager\main.cpp(5,67): warning C4244:             T=unsigned int
C:\Users\User\source\repos\PasswordManager\PasswordManager\main.cpp(5,67): warning C4244:         ]
C:\Users\User\source\repos\PasswordManager\PasswordManager\main.cpp(20,42): warning C4244: =: преобразование "sf::Int64" в "double", возможна потеря данных
C:\Users\User\source\repos\PasswordManager\PasswordManager\main.cpp(38,16): warning C4244: аргумент: преобразование "time_t" в "unsigned int", возможна потеря данных
C:\Users\User\source\repos\PasswordManager\PasswordManager\main.cpp(61,64): warning C4244: аргумент: преобразование "float" в "T", возможна потеря данных
C:\Users\User\source\repos\PasswordManager\PasswordManager\main.cpp(61,64): warning C4244:         with
C:\Users\User\source\repos\PasswordManager\PasswordManager\main.cpp(61,64): warning C4244:         [
C:\Users\User\source\repos\PasswordManager\PasswordManager\main.cpp(61,64): warning C4244:             T=unsigned int
C:\Users\User\source\repos\PasswordManager\PasswordManager\main.cpp(61,64): warning C4244:         ]
C:\Users\User\source\repos\PasswordManager\PasswordManager\main.cpp(63,47): warning C4244: аргумент: преобразование "float" в "T", возможна потеря данных
C:\Users\User\source\repos\PasswordManager\PasswordManager\main.cpp(63,47): warning C4244:         with
C:\Users\User\source\repos\PasswordManager\PasswordManager\main.cpp(63,47): warning C4244:         [
C:\Users\User\source\repos\PasswordManager\PasswordManager\main.cpp(63,47): warning C4244:             T=unsigned int
C:\Users\User\source\repos\PasswordManager\PasswordManager\main.cpp(63,47): warning C4244:         ]
  Создание кода
  52 of 1621 functions ( 3.2%) were compiled, the rest were copied from previous compilation.
    0 functions were new in current compilation
    120 functions had inline decision re-evaluated but remain unchanged
  Создание кода завершено
  PasswordManager.vcxproj -> C:\Users\User\source\repos\PasswordManager\x64\ReleaseWithoutConsole\PasswordManager.exe
