c:\users\user\source\repos\passwordmanager\passwordmanager\x64\releasewithoutconsole\vc143.pdb
c:\users\user\source\repos\passwordmanager\passwordmanager\x64\releasewithoutconsole\checker.obj
c:\users\user\source\repos\passwordmanager\passwordmanager\x64\releasewithoutconsole\colors.obj
c:\users\user\source\repos\passwordmanager\passwordmanager\x64\releasewithoutconsole\fonts.obj
c:\users\user\source\repos\passwordmanager\passwordmanager\x64\releasewithoutconsole\encryptor.obj
c:\users\user\source\repos\passwordmanager\passwordmanager\x64\releasewithoutconsole\state.obj
c:\users\user\source\repos\passwordmanager\passwordmanager\x64\releasewithoutconsole\states.obj
c:\users\user\source\repos\passwordmanager\passwordmanager\x64\releasewithoutconsole\passwordblank.obj
c:\users\user\source\repos\passwordmanager\passwordmanager\x64\releasewithoutconsole\mainmenu.obj
c:\users\user\source\repos\passwordmanager\passwordmanager\x64\releasewithoutconsole\intro.obj
c:\users\user\source\repos\passwordmanager\passwordmanager\x64\releasewithoutconsole\enterpassword.obj
c:\users\user\source\repos\passwordmanager\passwordmanager\x64\releasewithoutconsole\editor.obj
c:\users\user\source\repos\passwordmanager\passwordmanager\x64\releasewithoutconsole\confirmation.obj
c:\users\user\source\repos\passwordmanager\passwordmanager\x64\releasewithoutconsole\chooseblank.obj
c:\users\user\source\repos\passwordmanager\passwordmanager\x64\releasewithoutconsole\answerquestion.obj
c:\users\user\source\repos\passwordmanager\passwordmanager\x64\releasewithoutconsole\factory.obj
c:\users\user\source\repos\passwordmanager\passwordmanager\x64\releasewithoutconsole\cursors.obj
c:\users\user\source\repos\passwordmanager\passwordmanager\x64\releasewithoutconsole\resource.obj
c:\users\user\source\repos\passwordmanager\passwordmanager\x64\releasewithoutconsole\question.obj
c:\users\user\source\repos\passwordmanager\passwordmanager\x64\releasewithoutconsole\filereader.obj
c:\users\user\source\repos\passwordmanager\passwordmanager\x64\releasewithoutconsole\blank.obj
c:\users\user\source\repos\passwordmanager\passwordmanager\x64\releasewithoutconsole\literals.obj
c:\users\user\source\repos\passwordmanager\passwordmanager\x64\releasewithoutconsole\textbox.obj
c:\users\user\source\repos\passwordmanager\passwordmanager\x64\releasewithoutconsole\main.obj
c:\users\user\source\repos\passwordmanager\passwordmanager\x64\releasewithoutconsole\drawer.obj
c:\users\user\source\repos\passwordmanager\passwordmanager\x64\releasewithoutconsole\inputstring.obj
c:\users\user\source\repos\passwordmanager\passwordmanager\x64\releasewithoutconsole\inputtextbox.obj
c:\users\user\source\repos\passwordmanager\x64\releasewithoutconsole\passwordmanager.exe
c:\users\user\source\repos\passwordmanager\passwordmanager\x64\releasewithoutconsole\passwordmanager.ipdb
c:\users\user\source\repos\passwordmanager\x64\releasewithoutconsole\passwordmanager.pdb
c:\users\user\source\repos\passwordmanager\passwordmanager\x64\releasewithoutconsole\passwordmanager.iobj
c:\users\user\source\repos\passwordmanager\passwordmanager\x64\releasewithoutconsole\passwordmanager.tlog\cl.command.1.tlog
c:\users\user\source\repos\passwordmanager\passwordmanager\x64\releasewithoutconsole\passwordmanager.tlog\cl.items.tlog
c:\users\user\source\repos\passwordmanager\passwordmanager\x64\releasewithoutconsole\passwordmanager.tlog\cl.read.1.tlog
c:\users\user\source\repos\passwordmanager\passwordmanager\x64\releasewithoutconsole\passwordmanager.tlog\cl.write.1.tlog
c:\users\user\source\repos\passwordmanager\passwordmanager\x64\releasewithoutconsole\passwordmanager.tlog\link.command.1.tlog
c:\users\user\source\repos\passwordmanager\passwordmanager\x64\releasewithoutconsole\passwordmanager.tlog\link.read.1.tlog
c:\users\user\source\repos\passwordmanager\passwordmanager\x64\releasewithoutconsole\passwordmanager.tlog\link.write.1.tlog
