c:\users\user\source\repos\passwordmanager\passwordmanager\x64\release\vc143.pdb
c:\users\user\source\repos\passwordmanager\passwordmanager\x64\release\checker.obj
c:\users\user\source\repos\passwordmanager\passwordmanager\x64\release\colors.obj
c:\users\user\source\repos\passwordmanager\passwordmanager\x64\release\fonts.obj
c:\users\user\source\repos\passwordmanager\passwordmanager\x64\release\encryptor.obj
c:\users\user\source\repos\passwordmanager\passwordmanager\x64\release\state.obj
c:\users\user\source\repos\passwordmanager\passwordmanager\x64\release\states.obj
c:\users\user\source\repos\passwordmanager\passwordmanager\x64\release\passwordblank.obj
c:\users\user\source\repos\passwordmanager\passwordmanager\x64\release\mainmenu.obj
c:\users\user\source\repos\passwordmanager\passwordmanager\x64\release\intro.obj
c:\users\user\source\repos\passwordmanager\passwordmanager\x64\release\enterpassword.obj
c:\users\user\source\repos\passwordmanager\passwordmanager\x64\release\editor.obj
c:\users\user\source\repos\passwordmanager\passwordmanager\x64\release\confirmation.obj
c:\users\user\source\repos\passwordmanager\passwordmanager\x64\release\chooseblank.obj
c:\users\user\source\repos\passwordmanager\passwordmanager\x64\release\answerquestion.obj
c:\users\user\source\repos\passwordmanager\passwordmanager\x64\release\factory.obj
c:\users\user\source\repos\passwordmanager\passwordmanager\x64\release\cursors.obj
c:\users\user\source\repos\passwordmanager\passwordmanager\x64\release\resource.obj
c:\users\user\source\repos\passwordmanager\passwordmanager\x64\release\question.obj
c:\users\user\source\repos\passwordmanager\passwordmanager\x64\release\filereader.obj
c:\users\user\source\repos\passwordmanager\passwordmanager\x64\release\blank.obj
c:\users\user\source\repos\passwordmanager\passwordmanager\x64\release\literals.obj
c:\users\user\source\repos\passwordmanager\passwordmanager\x64\release\textbox.obj
c:\users\user\source\repos\passwordmanager\passwordmanager\x64\release\main.obj
c:\users\user\source\repos\passwordmanager\passwordmanager\x64\release\drawer.obj
c:\users\user\source\repos\passwordmanager\passwordmanager\x64\release\inputstring.obj
c:\users\user\source\repos\passwordmanager\passwordmanager\x64\release\inputtextbox.obj
c:\users\user\source\repos\passwordmanager\passwordmanager\x64\release\passwordmanager.tlog\cl.command.1.tlog
c:\users\user\source\repos\passwordmanager\passwordmanager\x64\release\passwordmanager.tlog\cl.read.1.tlog
c:\users\user\source\repos\passwordmanager\passwordmanager\x64\release\passwordmanager.tlog\cl.write.1.tlog
c:\users\user\source\repos\passwordmanager\passwordmanager\x64\release\passwordmanager.tlog\link.command.1.tlog
c:\users\user\source\repos\passwordmanager\passwordmanager\x64\release\passwordmanager.tlog\link.read.1.tlog
c:\users\user\source\repos\passwordmanager\passwordmanager\x64\release\passwordmanager.tlog\link.write.1.tlog
